TN:
SF:src\app\account\accountTier.ts
FN:2,tierLabel
FNF:1
FNH:1
FNDA:4,tierLabel
DA:2,4
DA:3,4
DA:4,4
DA:5,1
DA:7,3
DA:8,1
DA:10,2
DA:11,1
DA:13,1
LF:9
LH:9
BRDA:4,0,0,1
BRDA:7,1,0,1
BRDA:10,2,0,1
BRF:3
BRH:3
end_of_record
TN:
SF:src\lib\api.ts
FN:8,(anonymous_2)
FNF:1
FNH:1
FNDA:3,(anonymous_2)
DA:1,2
DA:2,2
DA:4,2
DA:8,2
DA:9,3
DA:10,2
DA:12,2
DA:13,1
DA:17,3
DA:20,3
LF:10
LH:10
BRDA:5,0,0,2
BRDA:5,0,1,2
BRDA:9,1,0,2
BRDA:12,2,0,1
BRF:4
BRH:4
end_of_record
TN:
SF:src\lib\auth.ts
FN:22,getAuthSession
FN:41,saveAuthSession
FN:50,clearAuthSession
FN:59,subscribeToAuthChanges
FN:61,(anonymous_9)
FN:64,(anonymous_10)
FN:69,(anonymous_11)
FNF:7
FNH:7
FNDA:6,getAuthSession
FNDA:4,saveAuthSession
FNDA:5,clearAuthSession
FNDA:3,subscribeToAuthChanges
FNDA:1,(anonymous_9)
FNDA:2,(anonymous_10)
FNDA:2,(anonymous_11)
DA:19,4
DA:20,4
DA:22,6
DA:23,6
DA:24,1
DA:27,5
DA:29,5
DA:30,2
DA:33,3
DA:34,3
DA:36,1
DA:37,1
DA:41,4
DA:42,4
DA:43,1
DA:46,3
DA:47,3
DA:50,5
DA:51,5
DA:52,1
DA:55,4
DA:56,4
DA:59,3
DA:60,3
DA:61,1
DA:64,2
DA:66,2
DA:67,2
DA:69,2
DA:70,2
DA:71,2
LF:31
LH:31
BRDA:23,0,0,1
BRDA:29,1,0,2
BRDA:42,2,0,1
BRDA:51,3,0,1
BRDA:60,4,0,1
BRF:5
BRH:5
end_of_record
TN:
SF:src\lib\purchasesMeta.ts
FN:32,getNextStatus
FNF:1
FNH:1
FNDA:4,getNextStatus
DA:10,1
DA:16,3
DA:26,2
DA:32,4
DA:33,4
DA:35,4
DA:36,2
DA:39,2
LF:8
LH:8
BRDA:35,0,0,2
BRDA:35,1,0,4
BRDA:35,1,1,3
BRF:3
BRH:3
end_of_record
TN:
SF:src\lib\resolveUploadUrl.ts
FN:2,apiOrigin
FN:12,resolveUploadUrl
FNF:2
FNH:2
FNDA:11,apiOrigin
FNDA:12,resolveUploadUrl
DA:2,2
DA:3,11
DA:4,11
DA:5,11
DA:6,10
DA:8,1
DA:12,12
DA:13,12
DA:14,12
DA:15,3
DA:18,9
DA:20,9
DA:21,4
DA:24,5
DA:25,5
DA:26,5
DA:27,1
DA:29,4
DA:30,4
DA:35,3
DA:41,1
LF:21
LH:21
BRDA:3,0,0,11
BRDA:3,0,1,3
BRDA:5,1,0,10
BRDA:5,1,1,1
BRDA:13,2,0,12
BRDA:13,2,1,2
BRDA:14,3,0,3
BRDA:20,4,0,4
BRDA:26,5,0,1
BRDA:30,6,0,3
BRDA:31,7,0,4
BRDA:31,7,1,3
BRDA:31,7,2,2
BRF:13
BRH:13
end_of_record
TN:
SF:src\lib\uploadProductImage.ts
FN:4,uploadProductImage
FNF:1
FNH:1
FNDA:5,uploadProductImage
DA:1,1
DA:2,1
DA:4,5
DA:5,5
DA:6,5
DA:8,5
DA:9,5
DA:10,2
DA:11,1
DA:13,1
DA:15,4
DA:16,2
DA:17,2
DA:19,2
LF:14
LH:14
BRDA:10,0,0,1
BRDA:10,1,0,2
BRDA:10,1,1,1
BRDA:15,2,0,2
BRDA:17,3,0,1
BRDA:17,3,1,1
BRF:6
BRH:6
end_of_record
