TN:
SF:src\lib\parsePgIntId.js
FN:9,parsePgIntId
FN:26,parsePgIntIdList
FNF:2
FNH:2
FNDA:35,parsePgIntId
FNDA:6,parsePgIntIdList
DA:2,11
DA:10,35
DA:11,1
DA:13,34
DA:14,34
DA:15,8
DA:17,26
DA:27,6
DA:28,3
DA:30,3
DA:31,3
DA:32,3
DA:33,9
DA:34,9
DA:35,8
DA:36,8
DA:37,8
DA:38,1
DA:42,3
DA:45,11
LF:20
LH:20
BRDA:10,0,0,1
BRDA:10,0,1,34
BRDA:10,1,0,35
BRDA:10,1,1,35
BRDA:13,2,0,28
BRDA:13,2,1,6
BRDA:14,3,0,8
BRDA:14,3,1,26
BRDA:14,4,0,34
BRDA:14,4,1,31
BRDA:14,4,2,30
BRDA:14,4,3,27
BRDA:26,5,0,3
BRDA:27,6,0,3
BRDA:27,6,1,3
BRDA:27,7,0,6
BRDA:27,7,1,6
BRDA:34,8,0,8
BRDA:34,8,1,1
BRDA:34,9,0,9
BRDA:34,9,1,9
BRDA:37,10,0,1
BRDA:37,10,1,7
BRF:23
BRH:23
end_of_record
TN:
SF:src\lib\participantOrderFlow.js
FN:7,promoteAssemblyToProcessingAfterClose
FNF:1
FNH:1
FNDA:3,promoteAssemblyToProcessingAfterClose
DA:8,3
DA:18,11
LF:2
LH:2
BRF:0
BRH:0
end_of_record
TN:
SF:src\lib\participantPreview.js
FN:36,normalizeParticipantPreview
FN:51,(anonymous_1)
FNF:2
FNH:2
FNDA:19,normalizeParticipantPreview
FNDA:2,(anonymous_1)
DA:2,11
DA:37,19
DA:38,3
DA:40,16
DA:41,16
DA:42,2
DA:43,2
DA:45,1
DA:48,15
DA:49,1
DA:51,14
DA:59,11
LF:12
LH:12
BRDA:37,0,0,3
BRDA:37,0,1,16
BRDA:41,1,0,2
BRDA:41,1,1,14
BRDA:48,2,0,1
BRDA:48,2,1,14
BRDA:53,3,0,1
BRDA:53,3,1,1
BRDA:54,4,0,1
BRDA:54,4,1,1
BRDA:55,5,0,1
BRDA:55,5,1,1
BRF:12
BRH:12
end_of_record
TN:
SF:src\middleware\optionalAuth.js
FN:3,optionalAuth
FNF:1
FNH:1
FNDA:9,optionalAuth
DA:1,11
DA:4,9
DA:6,9
DA:7,8
DA:10,1
DA:12,1
DA:13,1
DA:14,1
DA:23,1
DA:26,11
LF:10
LH:10
BRDA:6,0,0,8
BRDA:6,0,1,1
BRDA:6,1,0,9
BRDA:6,1,1,1
BRF:4
BRH:4
end_of_record
TN:
SF:src\middleware\requireAdmin.js
FN:4,requireAdmin
FN:5,(anonymous_1)
FN:8,(anonymous_2)
FN:14,(anonymous_3)
FNF:4
FNH:4
FNDA:12,requireAdmin
FNDA:12,(anonymous_1)
FNDA:11,(anonymous_2)
FNDA:1,(anonymous_3)
DA:1,11
DA:2,11
DA:5,12
DA:6,12
DA:9,11
DA:10,2
DA:12,9
DA:15,1
DA:16,1
DA:21,11
LF:10
LH:10
BRDA:9,0,0,2
BRDA:9,0,1,9
BRF:2
BRH:2
end_of_record
TN:
SF:src\middleware\requireAuth.js
FN:3,requireAuth
FNF:1
FNH:1
FNDA:64,requireAuth
DA:1,12
DA:4,64
DA:6,64
DA:7,4
DA:10,60
DA:12,60
DA:13,60
DA:14,59
DA:19,59
DA:21,1
DA:25,12
LF:11
LH:11
BRDA:6,0,0,4
BRDA:6,0,1,60
BRDA:6,1,0,64
BRDA:6,1,1,60
BRF:4
BRH:4
end_of_record
TN:
SF:src\routes\index.js
FN:10,(anonymous_0)
FNF:1
FNH:1
FNDA:1,(anonymous_0)
DA:1,10
DA:2,10
DA:3,10
DA:4,10
DA:5,10
DA:6,10
DA:8,10
DA:10,10
DA:11,1
DA:14,10
DA:15,10
DA:16,10
DA:17,10
DA:18,10
DA:20,10
LF:15
LH:15
BRF:0
BRH:0
end_of_record
TN:
SF:src\services\notifications.js
FN:22,statusLabel
FN:26,deliveryStatusLabel
FN:33,createNotification
FN:53,notifyPurchaseAudience
FN:95,notifyStatusChange
FN:108,notifyParticipantDeliveryStatusChange
FN:126,notifyGroupDiscountReached
FNF:7
FNH:7
FNDA:12,statusLabel
FNDA:8,deliveryStatusLabel
FNDA:24,createNotification
FNDA:12,notifyPurchaseAudience
FNDA:5,notifyStatusChange
FNDA:3,notifyParticipantDeliveryStatusChange
FNDA:3,notifyGroupDiscountReached
DA:6,11
DA:13,11
DA:23,12
DA:27,8
DA:34,24
DA:35,24
DA:36,24
DA:37,3
DA:39,21
DA:54,12
DA:55,12
DA:58,12
DA:59,12
DA:60,4
DA:62,8
DA:63,8
DA:67,8
DA:68,4
DA:70,8
DA:71,1
DA:74,8
DA:75,8
DA:76,8
DA:77,7
DA:78,8
DA:86,7
DA:88,1
DA:89,1
DA:91,8
DA:96,5
DA:97,5
DA:98,5
DA:99,5
DA:100,5
DA:115,3
DA:116,3
DA:117,3
DA:127,3
DA:128,3
DA:129,3
DA:137,11
LF:41
LH:41
BRDA:23,0,0,12
BRDA:23,0,1,1
BRDA:27,1,0,8
BRDA:27,1,1,1
BRDA:33,2,0,6
BRDA:33,3,0,5
BRDA:34,4,0,24
BRDA:34,4,1,1
BRDA:35,5,0,24
BRDA:35,5,1,4
BRDA:36,6,0,3
BRDA:36,6,1,21
BRDA:36,7,0,24
BRDA:36,7,1,23
BRDA:44,8,0,21
BRDA:44,8,1,1
BRDA:54,9,0,4
BRDA:54,10,0,3
BRDA:59,11,0,4
BRDA:59,11,1,8
BRDA:95,12,0,3
BRDA:97,13,0,5
BRDA:97,13,1,2
BRDA:116,14,0,3
BRDA:116,14,1,2
BRDA:126,15,0,2
BRDA:128,16,0,3
BRDA:128,16,1,2
BRF:28
BRH:28
end_of_record
