TN:
SF:src\lib\parsePgIntId.js
FN:9,parsePgIntId
FN:26,parsePgIntIdList
FNF:2
FNH:2
FNDA:125,parsePgIntId
FNDA:10,parsePgIntIdList
DA:2,23
DA:10,125
DA:11,1
DA:13,124
DA:14,124
DA:15,14
DA:17,110
DA:27,10
DA:28,3
DA:30,7
DA:31,7
DA:32,7
DA:33,15
DA:34,15
DA:35,14
DA:36,14
DA:37,14
DA:38,1
DA:42,7
DA:45,23
LF:20
LH:20
BRDA:10,0,0,1
BRDA:10,0,1,124
BRDA:10,1,0,125
BRDA:10,1,1,125
BRDA:13,2,0,118
BRDA:13,2,1,6
BRDA:14,3,0,14
BRDA:14,3,1,110
BRDA:14,4,0,124
BRDA:14,4,1,115
BRDA:14,4,2,114
BRDA:14,4,3,111
BRDA:26,5,0,3
BRDA:27,6,0,3
BRDA:27,6,1,7
BRDA:27,7,0,10
BRDA:27,7,1,10
BRDA:34,8,0,14
BRDA:34,8,1,1
BRDA:34,9,0,15
BRDA:34,9,1,15
BRDA:37,10,0,1
BRDA:37,10,1,13
BRF:23
BRH:23
end_of_record
TN:
SF:src\lib\participantOrderFlow.js
FN:7,promoteAssemblyToProcessingAfterClose
FNF:1
FNH:1
FNDA:15,promoteAssemblyToProcessingAfterClose
DA:8,15
DA:18,23
LF:2
LH:2
BRF:0
BRH:0
end_of_record
TN:
SF:src\lib\participantPreview.js
FN:36,normalizeParticipantPreview
FN:51,(anonymous_1)
FNF:2
FNH:2
FNDA:69,normalizeParticipantPreview
FNDA:2,(anonymous_1)
DA:2,23
DA:37,69
DA:38,5
DA:40,64
DA:41,64
DA:42,2
DA:43,2
DA:45,1
DA:48,63
DA:49,1
DA:51,62
DA:59,23
LF:12
LH:12
BRDA:37,0,0,5
BRDA:37,0,1,64
BRDA:41,1,0,2
BRDA:41,1,1,62
BRDA:48,2,0,1
BRDA:48,2,1,62
BRDA:53,3,0,1
BRDA:53,3,1,1
BRDA:54,4,0,1
BRDA:54,4,1,1
BRDA:55,5,0,1
BRDA:55,5,1,1
BRF:12
BRH:12
end_of_record
TN:
SF:src\middleware\optionalAuth.js
FN:3,optionalAuth
FNF:1
FNH:1
FNDA:27,optionalAuth
DA:1,23
DA:4,27
DA:6,27
DA:7,23
DA:10,4
DA:12,4
DA:13,4
DA:14,4
DA:23,4
DA:26,23
LF:10
LH:10
BRDA:6,0,0,23
BRDA:6,0,1,4
BRDA:6,1,0,27
BRDA:6,1,1,4
BRF:4
BRH:4
end_of_record
TN:
SF:src\middleware\requireAdmin.js
FN:4,requireAdmin
FN:5,(anonymous_1)
FN:8,(anonymous_2)
FN:14,(anonymous_3)
FNF:4
FNH:4
FNDA:119,requireAdmin
FNDA:119,(anonymous_1)
FNDA:114,(anonymous_2)
FNDA:5,(anonymous_3)
DA:1,23
DA:2,23
DA:5,119
DA:6,119
DA:9,114
DA:10,2
DA:12,112
DA:15,5
DA:16,5
DA:21,23
LF:10
LH:10
BRDA:9,0,0,2
BRDA:9,0,1,112
BRF:2
BRH:2
end_of_record
TN:
SF:src\middleware\requireAuth.js
FN:3,requireAuth
FNF:1
FNH:1
FNDA:273,requireAuth
DA:1,25
DA:4,273
DA:6,273
DA:7,4
DA:10,269
DA:12,269
DA:13,269
DA:14,268
DA:19,268
DA:21,1
DA:25,25
LF:11
LH:11
BRDA:6,0,0,4
BRDA:6,0,1,269
BRDA:6,1,0,273
BRDA:6,1,1,269
BRF:4
BRH:4
end_of_record
TN:
SF:src\routes\admin.js
FN:30,normalizeParticipantStatus
FN:40,mapPurchase
FN:66,fetchPurchaseById
FN:79,(anonymous_3)
FN:93,(anonymous_4)
FN:133,(anonymous_5)
FN:164,(anonymous_6)
FN:188,(anonymous_7)
FN:224,(anonymous_8)
FN:255,(anonymous_9)
FN:374,(anonymous_10)
FN:385,(anonymous_11)
FN:523,(anonymous_12)
FN:544,(anonymous_13)
FN:616,(anonymous_14)
FN:691,(anonymous_15)
FN:714,(anonymous_16)
FN:755,(anonymous_17)
FNF:18
FNH:18
FNDA:29,normalizeParticipantStatus
FNDA:24,mapPurchase
FNDA:23,fetchPurchaseById
FNDA:2,(anonymous_3)
FNDA:9,(anonymous_4)
FNDA:9,(anonymous_5)
FNDA:3,(anonymous_6)
FNDA:6,(anonymous_7)
FNDA:4,(anonymous_8)
FNDA:13,(anonymous_9)
FNDA:24,(anonymous_10)
FNDA:33,(anonymous_11)
FNDA:5,(anonymous_12)
FNDA:24,(anonymous_13)
FNDA:35,(anonymous_14)
FNDA:2,(anonymous_15)
FNDA:8,(anonymous_16)
FNDA:7,(anonymous_17)
DA:1,22
DA:2,22
DA:3,22
DA:7,22
DA:12,22
DA:13,22
DA:15,22
DA:17,22
DA:19,22
DA:28,22
DA:29,22
DA:31,29
DA:32,29
DA:33,28
DA:34,27
DA:37,22
DA:38,22
DA:41,24
DA:42,23
DA:67,23
DA:76,22
DA:79,22
DA:80,2
DA:81,2
DA:86,1
DA:88,1
DA:89,1
DA:93,22
DA:94,9
DA:95,9
DA:96,2
DA:99,7
DA:100,7
DA:101,1
DA:104,6
DA:105,6
DA:106,5
DA:107,1
DA:110,4
DA:111,4
DA:112,3
DA:113,3
DA:114,2
DA:118,2
DA:120,2
DA:126,2
DA:128,1
DA:129,1
DA:133,22
DA:134,9
DA:136,9
DA:137,1
DA:140,8
DA:141,2
DA:144,6
DA:145,6
DA:146,6
DA:148,6
DA:149,1
DA:152,5
DA:153,3
DA:156,2
DA:157,1
DA:159,1
DA:160,1
DA:164,22
DA:165,3
DA:166,3
DA:181,2
DA:183,1
DA:184,1
DA:188,22
DA:189,6
DA:191,6
DA:192,1
DA:195,5
DA:196,5
DA:198,4
DA:199,2
DA:202,2
DA:224,4
DA:241,2
DA:250,1
DA:251,1
DA:255,22
DA:270,13
DA:272,13
DA:280,2
DA:286,11
DA:288,11
DA:289,1
DA:292,10
DA:294,10
DA:295,1
DA:298,9
DA:300,9
DA:301,1
DA:304,8
DA:306,8
DA:307,1
DA:310,7
DA:312,7
DA:313,2
DA:314,2
DA:315,1
DA:319,6
DA:321,6
DA:322,2
DA:323,2
DA:324,1
DA:328,5
DA:329,5
DA:331,5
DA:332,5
DA:334,4
DA:335,2
DA:338,2
DA:365,2
DA:366,2
DA:367,2
DA:369,1
DA:370,1
DA:374,22
DA:375,24
DA:377,24
DA:378,1
DA:381,23
DA:382,23
DA:383,23
DA:385,23
DA:386,33
DA:387,33
DA:390,23
DA:391,4
DA:393,23
DA:394,2
DA:396,23
DA:397,1
DA:399,23
DA:400,3
DA:401,3
DA:402,2
DA:404,1
DA:406,21
DA:407,2
DA:408,2
DA:409,1
DA:411,1
DA:413,20
DA:414,2
DA:415,2
DA:416,1
DA:418,1
DA:420,19
DA:421,2
DA:423,19
DA:424,2
DA:426,19
DA:427,2
DA:429,19
DA:430,2
DA:432,19
DA:433,4
DA:434,2
DA:436,2
DA:437,2
DA:438,1
DA:440,1
DA:443,18
DA:444,3
DA:445,3
DA:446,1
DA:448,2
DA:449,2
DA:450,1
DA:452,1
DA:454,16
DA:455,12
DA:456,12
DA:457,1
DA:459,11
DA:462,15
DA:463,1
DA:466,14
DA:467,14
DA:469,13
DA:470,1
DA:473,12
DA:475,12
DA:476,11
DA:477,11
DA:482,2
DA:488,10
DA:489,10
DA:491,10
DA:496,10
DA:497,10
DA:502,6
DA:503,6
DA:505,1
DA:508,10
DA:509,5
DA:510,5
DA:512,3
DA:516,10
DA:518,1
DA:519,1
DA:523,22
DA:524,5
DA:526,5
DA:527,1
DA:530,4
DA:531,4
DA:533,3
DA:534,2
DA:537,1
DA:539,1
DA:540,1
DA:544,22
DA:545,24
DA:546,24
DA:547,24
DA:548,1
DA:552,23
DA:554,23
DA:556,23
DA:558,23
DA:560,23
DA:562,23
DA:569,1
DA:572,22
DA:573,22
DA:574,1
DA:576,21
DA:577,1
DA:579,20
DA:580,1
DA:582,19
DA:583,1
DA:585,18
DA:586,1
DA:589,17
DA:590,17
DA:598,16
DA:599,1
DA:602,15
DA:603,15
DA:604,15
DA:605,15
DA:607,15
DA:608,3
DA:609,3
DA:610,2
DA:614,13
DA:615,13
DA:616,13
DA:617,35
DA:618,35
DA:620,13
DA:621,13
DA:622,13
DA:623,13
DA:624,13
DA:625,13
DA:626,3
DA:628,13
DA:630,13
DA:631,13
DA:632,13
DA:641,13
DA:642,13
DA:643,8
DA:644,8
DA:652,2
DA:656,13
DA:666,13
DA:667,13
DA:668,13
DA:669,7
DA:670,7
DA:671,7
DA:672,5
DA:676,5
DA:677,5
DA:679,1
DA:684,13
DA:686,1
DA:687,1
DA:691,22
DA:692,2
DA:693,2
DA:707,1
DA:709,1
DA:710,1
DA:714,22
DA:715,8
DA:716,8
DA:717,1
DA:720,7
DA:721,7
DA:722,6
DA:723,6
DA:724,1
DA:726,5
DA:727,2
DA:730,3
DA:735,3
DA:736,3
DA:744,1
DA:747,3
DA:748,3
DA:750,1
DA:751,1
DA:755,22
DA:756,7
DA:757,7
DA:758,1
DA:761,6
DA:762,6
DA:763,5
DA:764,5
DA:765,1
DA:767,4
DA:768,1
DA:771,3
DA:776,3
DA:777,3
DA:785,1
DA:788,3
DA:789,3
DA:791,1
DA:792,1
DA:796,22
LF:333
LH:333
BRDA:31,0,0,29
BRDA:31,0,1,0
BRDA:32,1,0,1
BRDA:32,1,1,28
BRDA:33,2,0,1
BRDA:33,2,1,27
BRDA:41,3,0,1
BRDA:41,3,1,23
BRDA:46,4,0,23
BRDA:46,4,1,1
BRDA:48,5,0,22
BRDA:48,5,1,1
BRDA:51,6,0,23
BRDA:51,6,1,1
BRDA:52,7,0,23
BRDA:52,7,1,1
BRDA:57,8,0,22
BRDA:57,8,1,1
BRDA:58,9,0,22
BRDA:58,9,1,1
BRDA:59,10,0,22
BRDA:59,10,1,1
BRDA:60,11,0,22
BRDA:60,11,1,1
BRDA:61,12,0,22
BRDA:61,12,1,1
BRDA:95,13,0,2
BRDA:95,13,1,7
BRDA:100,14,0,1
BRDA:100,14,1,6
BRDA:106,15,0,1
BRDA:106,15,1,4
BRDA:111,16,0,3
BRDA:111,16,1,1
BRDA:111,17,0,4
BRDA:111,17,1,3
BRDA:113,18,0,2
BRDA:113,18,1,1
BRDA:113,19,0,3
BRDA:113,19,1,1
BRDA:136,20,0,1
BRDA:136,20,1,8
BRDA:140,21,0,2
BRDA:140,21,1,6
BRDA:148,22,0,1
BRDA:148,22,1,5
BRDA:152,23,0,3
BRDA:152,23,1,2
BRDA:152,24,0,5
BRDA:152,24,1,4
BRDA:152,25,0,4
BRDA:152,25,1,1
BRDA:191,26,0,1
BRDA:191,26,1,5
BRDA:198,27,0,2
BRDA:198,27,1,2
BRDA:229,28,0,3
BRDA:229,28,1,1
BRDA:231,29,0,3
BRDA:231,29,1,1
BRDA:234,30,0,3
BRDA:234,30,1,1
BRDA:235,31,0,3
BRDA:235,31,1,1
BRDA:236,32,0,3
BRDA:236,32,1,1
BRDA:237,33,0,3
BRDA:237,33,1,1
BRDA:238,34,0,3
BRDA:238,34,1,1
BRDA:238,35,0,1
BRDA:238,35,1,2
BRDA:272,36,0,2
BRDA:272,36,1,11
BRDA:273,37,0,13
BRDA:273,37,1,11
BRDA:273,37,2,11
BRDA:273,37,3,11
BRDA:273,37,4,11
BRDA:273,37,5,11
BRDA:288,38,0,1
BRDA:288,38,1,10
BRDA:288,39,0,11
BRDA:288,39,1,11
BRDA:294,40,0,1
BRDA:294,40,1,9
BRDA:294,41,0,10
BRDA:294,41,1,10
BRDA:300,42,0,1
BRDA:300,42,1,8
BRDA:300,43,0,9
BRDA:300,43,1,9
BRDA:306,44,0,1
BRDA:306,44,1,7
BRDA:312,45,0,2
BRDA:312,45,1,5
BRDA:312,46,0,7
BRDA:312,46,1,2
BRDA:314,47,0,1
BRDA:314,47,1,1
BRDA:314,48,0,2
BRDA:314,48,1,2
BRDA:321,49,0,2
BRDA:321,49,1,4
BRDA:321,50,0,6
BRDA:321,50,1,2
BRDA:323,51,0,1
BRDA:323,51,1,1
BRDA:328,52,0,1
BRDA:328,52,1,4
BRDA:329,53,0,1
BRDA:329,53,1,4
BRDA:334,54,0,2
BRDA:334,54,1,2
BRDA:351,55,0,1
BRDA:351,55,1,1
BRDA:356,56,0,1
BRDA:356,56,1,1
BRDA:357,57,0,1
BRDA:357,57,1,1
BRDA:377,58,0,1
BRDA:377,58,1,23
BRDA:390,59,0,4
BRDA:390,59,1,19
BRDA:393,60,0,2
BRDA:393,60,1,21
BRDA:394,61,0,2
BRDA:394,61,1,1
BRDA:396,62,0,1
BRDA:396,62,1,22
BRDA:399,63,0,3
BRDA:399,63,1,20
BRDA:401,64,0,2
BRDA:401,64,1,1
BRDA:401,65,0,3
BRDA:401,65,1,3
BRDA:406,66,0,2
BRDA:406,66,1,19
BRDA:408,67,0,1
BRDA:408,67,1,1
BRDA:408,68,0,2
BRDA:408,68,1,2
BRDA:413,69,0,2
BRDA:413,69,1,18
BRDA:415,70,0,1
BRDA:415,70,1,1
BRDA:420,71,0,2
BRDA:420,71,1,17
BRDA:421,72,0,2
BRDA:421,72,1,1
BRDA:423,73,0,2
BRDA:423,73,1,17
BRDA:424,74,0,2
BRDA:424,74,1,1
BRDA:426,75,0,2
BRDA:426,75,1,17
BRDA:427,76,0,2
BRDA:427,76,1,1
BRDA:429,77,0,2
BRDA:429,77,1,17
BRDA:430,78,0,2
BRDA:430,78,1,1
BRDA:432,79,0,4
BRDA:432,79,1,15
BRDA:433,80,0,2
BRDA:433,80,1,2
BRDA:433,81,0,4
BRDA:433,81,1,2
BRDA:437,82,0,1
BRDA:437,82,1,1
BRDA:437,83,0,2
BRDA:437,83,1,2
BRDA:443,84,0,3
BRDA:443,84,1,15
BRDA:445,85,0,1
BRDA:445,85,1,2
BRDA:445,86,0,3
BRDA:445,86,1,3
BRDA:449,87,0,1
BRDA:449,87,1,1
BRDA:454,88,0,12
BRDA:454,88,1,4
BRDA:456,89,0,1
BRDA:456,89,1,11
BRDA:462,90,0,1
BRDA:462,90,1,14
BRDA:469,91,0,1
BRDA:469,91,1,12
BRDA:475,92,0,11
BRDA:475,92,1,1
BRDA:477,93,0,2
BRDA:477,93,1,9
BRDA:478,94,0,11
BRDA:478,94,1,3
BRDA:478,94,2,3
BRDA:497,95,0,6
BRDA:497,95,1,4
BRDA:498,96,0,10
BRDA:498,96,1,9
BRDA:498,96,2,9
BRDA:500,97,0,9
BRDA:500,97,1,0
BRDA:508,98,0,5
BRDA:508,98,1,5
BRDA:508,99,0,10
BRDA:508,99,1,9
BRDA:508,100,0,10
BRDA:508,100,1,0
BRDA:508,101,0,9
BRDA:508,101,1,0
BRDA:526,102,0,1
BRDA:526,102,1,4
BRDA:533,103,0,2
BRDA:533,103,1,1
BRDA:547,104,0,1
BRDA:547,104,1,23
BRDA:547,105,0,24
BRDA:547,105,1,23
BRDA:552,106,0,13
BRDA:552,106,1,10
BRDA:554,107,0,7
BRDA:554,107,1,16
BRDA:556,108,0,2
BRDA:556,108,1,21
BRDA:558,109,0,2
BRDA:558,109,1,21
BRDA:560,110,0,4
BRDA:560,110,1,19
BRDA:562,111,0,1
BRDA:562,111,1,22
BRDA:563,112,0,23
BRDA:563,112,1,10
BRDA:563,112,2,5
BRDA:563,112,3,4
BRDA:563,112,4,3
BRDA:572,113,0,13
BRDA:572,113,1,9
BRDA:573,114,0,1
BRDA:573,114,1,21
BRDA:573,115,0,22
BRDA:573,115,1,13
BRDA:576,116,0,1
BRDA:576,116,1,20
BRDA:576,117,0,21
BRDA:576,117,1,7
BRDA:579,118,0,1
BRDA:579,118,1,19
BRDA:579,119,0,20
BRDA:579,119,1,2
BRDA:582,120,0,1
BRDA:582,120,1,18
BRDA:582,121,0,19
BRDA:582,121,1,2
BRDA:585,122,0,1
BRDA:585,122,1,17
BRDA:585,123,0,18
BRDA:585,123,1,4
BRDA:598,124,0,1
BRDA:598,124,1,15
BRDA:602,125,0,15
BRDA:602,125,1,3
BRDA:603,126,0,15
BRDA:603,126,1,3
BRDA:604,127,0,15
BRDA:604,127,1,9
BRDA:605,128,0,1
BRDA:605,128,1,14
BRDA:607,129,0,3
BRDA:607,129,1,12
BRDA:609,130,0,2
BRDA:609,130,1,1
BRDA:620,131,0,10
BRDA:620,131,1,3
BRDA:621,132,0,4
BRDA:621,132,1,9
BRDA:622,133,0,1
BRDA:622,133,1,12
BRDA:623,134,0,1
BRDA:623,134,1,12
BRDA:624,135,0,3
BRDA:624,135,1,10
BRDA:625,136,0,3
BRDA:625,136,1,10
BRDA:625,137,0,13
BRDA:625,137,1,3
BRDA:641,138,0,13
BRDA:641,138,1,0
BRDA:642,139,0,8
BRDA:642,139,1,5
BRDA:642,140,0,13
BRDA:642,140,1,10
BRDA:666,141,0,13
BRDA:666,141,1,3
BRDA:667,142,0,13
BRDA:667,142,1,3
BRDA:668,143,0,7
BRDA:668,143,1,6
BRDA:668,144,0,13
BRDA:668,144,1,7
BRDA:670,145,0,7
BRDA:670,145,1,0
BRDA:671,146,0,5
BRDA:671,146,1,2
BRDA:671,147,0,7
BRDA:671,147,1,7
BRDA:716,148,0,1
BRDA:716,148,1,7
BRDA:723,149,0,1
BRDA:723,149,1,5
BRDA:726,150,0,2
BRDA:726,150,1,3
BRDA:757,151,0,1
BRDA:757,151,1,6
BRDA:764,152,0,1
BRDA:764,152,1,4
BRDA:767,153,0,1
BRDA:767,153,1,3
BRF:317
BRH:311
end_of_record
TN:
SF:src\routes\auth.js
FN:9,mapPublicUser
FN:24,createToken
FN:36,(anonymous_2)
FN:85,(anonymous_3)
FN:137,(anonymous_4)
FN:158,(anonymous_5)
FN:213,(anonymous_6)
FNF:7
FNH:7
FNDA:7,mapPublicUser
FNDA:2,createToken
FNDA:4,(anonymous_2)
FNDA:5,(anonymous_3)
FNDA:3,(anonymous_4)
FNDA:10,(anonymous_5)
FNDA:6,(anonymous_6)
DA:1,22
DA:2,22
DA:3,22
DA:4,22
DA:5,22
DA:7,22
DA:10,7
DA:11,1
DA:13,6
DA:25,2
DA:36,22
DA:37,4
DA:39,4
DA:40,1
DA:45,3
DA:46,3
DA:48,3
DA:52,2
DA:53,1
DA:58,1
DA:60,1
DA:69,1
DA:70,1
DA:72,1
DA:78,1
DA:79,1
DA:85,22
DA:86,5
DA:88,5
DA:89,1
DA:94,4
DA:95,4
DA:97,4
DA:106,3
DA:108,3
DA:109,1
DA:114,2
DA:116,2
DA:117,1
DA:122,1
DA:124,1
DA:130,1
DA:131,1
DA:137,22
DA:138,3
DA:139,3
DA:147,2
DA:148,2
DA:149,1
DA:151,1
DA:153,1
DA:154,1
DA:158,22
DA:159,10
DA:160,10
DA:162,10
DA:163,1
DA:168,9
DA:169,9
DA:171,9
DA:172,5
DA:173,5
DA:174,1
DA:176,4
DA:177,1
DA:179,3
DA:180,1
DA:182,2
DA:183,2
DA:186,6
DA:187,5
DA:188,5
DA:189,1
DA:191,4
DA:192,4
DA:195,5
DA:196,5
DA:197,5
DA:198,4
DA:206,4
DA:208,1
DA:209,1
DA:213,22
DA:214,6
DA:216,6
DA:222,1
DA:225,5
DA:226,5
DA:227,1
DA:230,4
DA:231,4
DA:232,4
DA:233,4
DA:234,1
DA:237,3
DA:238,3
DA:239,1
DA:242,2
DA:243,2
DA:245,1
DA:247,1
DA:248,1
DA:252,22
LF:103
LH:103
BRDA:10,0,0,1
BRDA:10,0,1,6
BRDA:19,1,0,5
BRDA:19,1,1,1
BRDA:20,2,0,5
BRDA:20,2,1,1
BRDA:39,3,0,1
BRDA:39,3,1,3
BRDA:39,4,0,4
BRDA:39,4,1,3
BRDA:39,4,2,3
BRDA:52,5,0,1
BRDA:52,5,1,1
BRDA:88,6,0,1
BRDA:88,6,1,4
BRDA:88,7,0,5
BRDA:88,7,1,4
BRDA:108,8,0,1
BRDA:108,8,1,2
BRDA:116,9,0,1
BRDA:116,9,1,1
BRDA:148,10,0,1
BRDA:148,10,1,1
BRDA:162,11,0,1
BRDA:162,11,1,9
BRDA:162,12,0,10
BRDA:162,12,1,5
BRDA:171,13,0,5
BRDA:171,13,1,4
BRDA:172,14,0,1
BRDA:172,14,1,4
BRDA:172,15,0,5
BRDA:172,15,1,4
BRDA:173,16,0,1
BRDA:173,16,1,4
BRDA:176,17,0,1
BRDA:176,17,1,3
BRDA:176,18,0,4
BRDA:176,18,1,3
BRDA:179,19,0,1
BRDA:179,19,1,2
BRDA:179,20,0,3
BRDA:179,20,1,2
BRDA:186,21,0,5
BRDA:186,21,1,1
BRDA:187,22,0,1
BRDA:187,22,1,4
BRDA:188,23,0,1
BRDA:188,23,1,4
BRDA:216,24,0,1
BRDA:216,24,1,5
BRDA:217,25,0,6
BRDA:217,25,1,6
BRDA:217,25,2,6
BRDA:217,25,3,5
BRDA:226,26,0,1
BRDA:226,26,1,4
BRDA:233,27,0,1
BRDA:233,27,1,3
BRDA:238,28,0,1
BRDA:238,28,1,2
BRF:61
BRH:61
end_of_record
TN:
SF:src\routes\index.js
FN:10,(anonymous_0)
FNF:1
FNH:1
FNDA:1,(anonymous_0)
DA:1,22
DA:2,22
DA:3,22
DA:4,22
DA:5,22
DA:6,22
DA:8,22
DA:10,22
DA:11,1
DA:14,22
DA:15,22
DA:16,22
DA:17,22
DA:18,22
DA:20,22
LF:15
LH:15
BRF:0
BRH:0
end_of_record
TN:
SF:src\routes\notifications.js
FN:9,mapRow
FN:25,(anonymous_1)
FN:49,(anonymous_2)
FN:64,(anonymous_3)
FN:83,(anonymous_4)
FNF:5
FNH:5
FNDA:4,mapRow
FNDA:10,(anonymous_1)
FNDA:3,(anonymous_2)
FNDA:2,(anonymous_3)
FNDA:4,(anonymous_4)
DA:1,22
DA:2,22
DA:3,22
DA:5,22
DA:7,22
DA:10,4
DA:11,1
DA:13,3
DA:25,22
DA:26,10
DA:27,10
DA:28,10
DA:30,10
DA:31,10
DA:42,9
DA:44,1
DA:45,1
DA:49,22
DA:50,3
DA:51,3
DA:56,2
DA:57,2
DA:59,1
DA:60,1
DA:64,22
DA:65,2
DA:66,2
DA:76,1
DA:78,1
DA:79,1
DA:83,22
DA:84,4
DA:86,4
DA:87,1
DA:90,3
DA:91,3
DA:101,2
DA:102,1
DA:105,1
DA:107,1
DA:108,1
DA:112,22
LF:42
LH:42
BRDA:10,0,0,1
BRDA:10,0,1,3
BRDA:19,1,0,3
BRDA:19,1,1,1
BRDA:28,2,0,3
BRDA:28,2,1,7
BRDA:56,3,0,2
BRDA:56,3,1,1
BRDA:86,4,0,1
BRDA:86,4,1,3
BRDA:86,5,0,4
BRDA:86,5,1,4
BRDA:101,6,0,1
BRDA:101,6,1,1
BRF:14
BRH:14
end_of_record
TN:
SF:src\routes\purchases.js
FN:32,normalizeParticipantStatus
FN:39,mapPurchase
FN:85,(anonymous_2)
FN:100,(anonymous_3)
FN:186,(anonymous_4)
FN:228,(anonymous_5)
FN:270,(anonymous_6)
FN:283,parsePurchaseBody
FN:345,(anonymous_8)
FN:395,(anonymous_9)
FN:464,(anonymous_10)
FN:490,(anonymous_11)
FN:556,(anonymous_12)
FN:607,(anonymous_13)
FN:711,(anonymous_14)
FN:885,(anonymous_15)
FN:944,mapDiscussionMessage
FN:965,mapReview
FN:993,(anonymous_18)
FN:1050,(anonymous_19)
FN:1138,(anonymous_20)
FN:1178,(anonymous_21)
FNF:22
FNH:22
FNDA:30,normalizeParticipantStatus
FNDA:43,mapPurchase
FNDA:10,(anonymous_2)
FNDA:3,(anonymous_3)
FNDA:4,(anonymous_4)
FNDA:5,(anonymous_5)
FNDA:3,(anonymous_6)
FNDA:16,parsePurchaseBody
FNDA:6,(anonymous_8)
FNDA:9,(anonymous_9)
FNDA:3,(anonymous_10)
FNDA:6,(anonymous_11)
FNDA:10,(anonymous_12)
FNDA:23,(anonymous_13)
FNDA:23,(anonymous_14)
FNDA:9,(anonymous_15)
FNDA:7,mapDiscussionMessage
FNDA:7,mapReview
FNDA:7,(anonymous_18)
FNDA:11,(anonymous_19)
FNDA:7,(anonymous_20)
FNDA:11,(anonymous_21)
DA:1,22
DA:2,22
DA:3,22
DA:4,22
DA:9,22
DA:11,22
DA:15,22
DA:16,22
DA:17,22
DA:19,22
DA:27,22
DA:28,22
DA:29,22
DA:30,22
DA:33,30
DA:34,30
DA:35,25
DA:36,23
DA:40,43
DA:41,40
DA:85,22
DA:86,10
DA:87,10
DA:88,10
DA:90,10
DA:91,10
DA:92,10
DA:93,10
DA:94,10
DA:97,10
DA:100,3
DA:104,10
DA:105,10
DA:107,10
DA:108,2
DA:109,2
DA:112,10
DA:113,2
DA:114,2
DA:117,10
DA:118,2
DA:119,8
DA:120,1
DA:121,7
DA:124,4
DA:125,4
DA:128,10
DA:130,10
DA:131,10
DA:132,2
DA:133,8
DA:134,2
DA:137,10
DA:138,10
DA:143,8
DA:145,8
DA:146,8
DA:147,8
DA:148,8
DA:149,8
DA:151,8
DA:177,8
DA:179,8
DA:181,2
DA:182,2
DA:186,22
DA:187,4
DA:189,4
DA:190,1
DA:193,3
DA:194,3
DA:195,3
DA:197,3
DA:198,1
DA:199,1
DA:202,3
DA:221,1
DA:223,2
DA:224,2
DA:228,22
DA:229,5
DA:231,5
DA:232,5
DA:249,3
DA:268,3
DA:270,3
DA:278,2
DA:279,2
DA:296,16
DA:298,16
DA:299,2
DA:304,14
DA:305,14
DA:306,1
DA:309,13
DA:310,13
DA:311,1
DA:314,12
DA:315,12
DA:316,1
DA:319,11
DA:320,11
DA:321,4
DA:322,4
DA:323,2
DA:327,9
DA:345,22
DA:346,6
DA:347,6
DA:349,6
DA:350,1
DA:353,5
DA:354,5
DA:371,4
DA:372,4
DA:373,5
DA:374,5
DA:375,3
DA:382,5
DA:388,4
DA:390,1
DA:391,1
DA:395,22
DA:396,9
DA:398,9
DA:399,1
DA:402,8
DA:403,8
DA:421,7
DA:423,7
DA:424,1
DA:427,6
DA:428,2
DA:429,2
DA:430,2
DA:431,1
DA:432,1
DA:434,2
DA:435,1
DA:439,5
DA:462,5
DA:464,3
DA:485,1
DA:486,1
DA:490,22
DA:491,6
DA:492,6
DA:493,1
DA:495,5
DA:497,5
DA:498,5
DA:524,4
DA:525,4
DA:527,4
DA:528,4
DA:529,4
DA:530,4
DA:539,1
DA:542,4
DA:551,1
DA:552,1
DA:556,22
DA:557,10
DA:558,10
DA:559,6
DA:561,4
DA:563,4
DA:564,4
DA:590,4
DA:591,4
DA:593,3
DA:602,1
DA:603,1
DA:607,22
DA:608,23
DA:609,23
DA:611,23
DA:612,1
DA:615,22
DA:616,1
DA:618,21
DA:619,2
DA:622,19
DA:623,19
DA:624,18
DA:626,18
DA:627,1
DA:630,17
DA:631,1
DA:634,16
DA:635,3
DA:636,3
DA:640,3
DA:641,3
DA:643,1
DA:645,3
DA:655,3
DA:658,13
DA:659,1
DA:661,12
DA:662,2
DA:664,10
DA:665,2
DA:669,8
DA:672,8
DA:673,1
DA:676,7
DA:677,7
DA:681,7
DA:682,3
DA:683,3
DA:685,1
DA:688,7
DA:689,7
DA:691,1
DA:694,7
DA:704,7
DA:706,1
DA:707,1
DA:711,22
DA:712,23
DA:713,23
DA:715,23
DA:717,23
DA:719,23
DA:721,23
DA:723,23
DA:725,23
DA:726,1
DA:729,22
DA:730,22
DA:731,1
DA:733,21
DA:734,1
DA:736,20
DA:737,1
DA:739,19
DA:740,1
DA:742,18
DA:743,1
DA:745,17
DA:746,1
DA:749,16
DA:750,16
DA:759,15
DA:761,15
DA:762,1
DA:765,14
DA:766,1
DA:769,13
DA:773,13
DA:775,13
DA:776,11
DA:777,1
DA:780,10
DA:781,1
DA:784,9
DA:786,9
DA:787,1
DA:789,2
DA:790,1
DA:793,9
DA:822,9
DA:826,9
DA:827,9
DA:828,9
DA:829,6
DA:830,6
DA:831,6
DA:833,1
DA:835,6
DA:836,6
DA:838,1
DA:842,9
DA:843,9
DA:844,9
DA:845,9
DA:853,3
DA:856,9
DA:873,9
DA:875,9
DA:880,1
DA:881,1
DA:885,22
DA:886,9
DA:888,9
DA:889,1
DA:892,8
DA:893,8
DA:894,7
DA:896,7
DA:897,1
DA:900,6
DA:901,1
DA:904,5
DA:909,5
DA:910,1
DA:913,4
DA:917,4
DA:918,4
DA:919,4
DA:920,2
DA:923,4
DA:924,4
DA:925,4
DA:926,4
DA:934,1
DA:937,4
DA:939,1
DA:940,1
DA:945,7
DA:946,1
DA:948,6
DA:966,7
DA:967,1
DA:969,6
DA:993,22
DA:994,7
DA:995,7
DA:996,1
DA:998,6
DA:999,6
DA:1000,5
DA:1001,1
DA:1004,4
DA:1015,4
DA:1037,4
DA:1045,1
DA:1046,1
DA:1050,22
DA:1051,11
DA:1052,11
DA:1053,11
DA:1055,11
DA:1056,1
DA:1058,10
DA:1059,2
DA:1061,8
DA:1062,1
DA:1065,7
DA:1066,7
DA:1067,6
DA:1068,6
DA:1069,1
DA:1072,5
DA:1076,5
DA:1077,5
DA:1078,2
DA:1081,3
DA:1095,3
DA:1107,3
DA:1118,3
DA:1125,3
DA:1133,1
DA:1134,1
DA:1138,22
DA:1139,7
DA:1141,7
DA:1142,1
DA:1145,6
DA:1146,6
DA:1147,5
DA:1148,1
DA:1151,4
DA:1171,4
DA:1173,1
DA:1174,1
DA:1178,22
DA:1179,11
DA:1180,11
DA:1182,11
DA:1183,1
DA:1186,10
DA:1187,10
DA:1188,2
DA:1190,8
DA:1191,1
DA:1194,7
DA:1195,7
DA:1199,6
DA:1201,6
DA:1202,1
DA:1205,5
DA:1206,1
DA:1209,4
DA:1218,4
DA:1219,4
DA:1227,4
DA:1228,4
DA:1230,4
DA:1231,2
DA:1232,2
DA:1240,1
DA:1244,4
DA:1251,4
DA:1253,1
DA:1254,1
DA:1258,22
LF:398
LH:398
BRDA:33,0,0,30
BRDA:33,0,1,0
BRDA:34,1,0,5
BRDA:34,1,1,25
BRDA:35,2,0,2
BRDA:35,2,1,23
BRDA:40,3,0,3
BRDA:40,3,1,40
BRDA:45,4,0,40
BRDA:45,4,1,5
BRDA:47,5,0,35
BRDA:47,5,1,5
BRDA:50,6,0,40
BRDA:50,6,1,3
BRDA:51,7,0,40
BRDA:51,7,1,3
BRDA:57,8,0,35
BRDA:57,8,1,5
BRDA:57,9,0,40
BRDA:57,9,1,37
BRDA:60,10,0,37
BRDA:60,10,1,3
BRDA:62,11,0,37
BRDA:62,11,1,3
BRDA:63,12,0,35
BRDA:63,12,1,5
BRDA:64,13,0,35
BRDA:64,13,1,5
BRDA:65,14,0,35
BRDA:65,14,1,5
BRDA:68,15,0,8
BRDA:68,15,1,32
BRDA:68,16,0,40
BRDA:68,16,1,10
BRDA:72,17,0,4
BRDA:72,17,1,36
BRDA:72,18,0,40
BRDA:72,18,1,6
BRDA:76,19,0,2
BRDA:76,19,1,38
BRDA:76,20,0,40
BRDA:76,20,1,2
BRDA:80,21,0,2
BRDA:80,21,1,38
BRDA:80,22,0,40
BRDA:80,22,1,2
BRDA:86,23,0,10
BRDA:86,23,1,10
BRDA:87,24,0,10
BRDA:87,24,1,9
BRDA:90,25,0,2
BRDA:90,25,1,8
BRDA:90,26,0,10
BRDA:90,26,1,2
BRDA:91,27,0,5
BRDA:91,27,1,5
BRDA:92,28,0,9
BRDA:92,28,1,1
BRDA:93,29,0,7
BRDA:93,29,1,3
BRDA:94,30,0,9
BRDA:94,30,1,1
BRDA:97,31,0,2
BRDA:97,31,1,8
BRDA:97,32,0,10
BRDA:97,32,1,2
BRDA:107,33,0,2
BRDA:107,33,1,8
BRDA:112,34,0,2
BRDA:112,34,1,8
BRDA:117,35,0,2
BRDA:117,35,1,8
BRDA:119,36,0,1
BRDA:119,36,1,7
BRDA:121,37,0,3
BRDA:121,37,1,4
BRDA:131,38,0,2
BRDA:131,38,1,8
BRDA:133,39,0,2
BRDA:133,39,1,6
BRDA:143,40,0,8
BRDA:143,40,1,2
BRDA:145,41,0,8
BRDA:145,41,1,8
BRDA:187,42,0,2
BRDA:187,42,1,2
BRDA:189,43,0,1
BRDA:189,43,1,3
BRDA:189,44,0,4
BRDA:189,44,1,2
BRDA:197,45,0,1
BRDA:197,45,1,2
BRDA:272,46,0,2
BRDA:272,46,1,1
BRDA:274,47,0,2
BRDA:274,47,1,1
BRDA:298,48,0,2
BRDA:298,48,1,14
BRDA:298,49,0,16
BRDA:298,49,1,14
BRDA:298,49,2,14
BRDA:298,49,3,14
BRDA:298,49,4,14
BRDA:305,50,0,1
BRDA:305,50,1,13
BRDA:305,51,0,14
BRDA:305,51,1,14
BRDA:310,52,0,1
BRDA:310,52,1,12
BRDA:310,53,0,13
BRDA:310,53,1,13
BRDA:315,54,0,1
BRDA:315,54,1,11
BRDA:320,55,0,4
BRDA:320,55,1,7
BRDA:320,56,0,11
BRDA:320,56,1,4
BRDA:322,57,0,2
BRDA:322,57,1,2
BRDA:322,58,0,4
BRDA:322,58,1,3
BRDA:330,59,0,1
BRDA:330,59,1,8
BRDA:335,60,0,1
BRDA:335,60,1,8
BRDA:336,61,0,1
BRDA:336,61,1,8
BRDA:337,62,0,1
BRDA:337,62,1,8
BRDA:338,63,0,1
BRDA:338,63,1,8
BRDA:346,64,0,5
BRDA:346,64,1,1
BRDA:349,65,0,1
BRDA:349,65,1,5
BRDA:374,66,0,3
BRDA:374,66,1,2
BRDA:378,67,0,3
BRDA:378,67,1,1
BRDA:398,68,0,1
BRDA:398,68,1,8
BRDA:423,69,0,1
BRDA:423,69,1,6
BRDA:427,70,0,2
BRDA:427,70,1,4
BRDA:427,71,0,6
BRDA:427,71,1,4
BRDA:430,72,0,1
BRDA:430,72,1,1
BRDA:434,73,0,1
BRDA:434,73,1,1
BRDA:434,74,0,2
BRDA:434,74,1,2
BRDA:468,75,0,2
BRDA:468,75,1,1
BRDA:471,76,0,2
BRDA:471,76,1,1
BRDA:472,77,0,2
BRDA:472,77,1,1
BRDA:473,78,0,2
BRDA:473,78,1,1
BRDA:474,79,0,2
BRDA:474,79,1,1
BRDA:476,80,0,2
BRDA:476,80,1,1
BRDA:477,81,0,2
BRDA:477,81,1,1
BRDA:479,82,0,3
BRDA:479,82,1,0
BRDA:479,83,0,1
BRDA:479,83,1,2
BRDA:481,84,0,3
BRDA:481,84,1,0
BRDA:481,85,0,2
BRDA:481,85,1,1
BRDA:492,86,0,1
BRDA:492,86,1,5
BRDA:535,87,0,3
BRDA:535,87,1,2
BRDA:558,88,0,6
BRDA:558,88,1,4
BRDA:611,89,0,1
BRDA:611,89,1,22
BRDA:615,90,0,1
BRDA:615,90,1,21
BRDA:615,91,0,22
BRDA:615,91,1,21
BRDA:618,92,0,2
BRDA:618,92,1,19
BRDA:626,93,0,1
BRDA:626,93,1,17
BRDA:630,94,0,1
BRDA:630,94,1,16
BRDA:634,95,0,3
BRDA:634,95,1,13
BRDA:658,96,0,1
BRDA:658,96,1,12
BRDA:661,97,0,2
BRDA:661,97,1,10
BRDA:661,98,0,12
BRDA:661,98,1,4
BRDA:664,99,0,2
BRDA:664,99,1,8
BRDA:664,100,0,10
BRDA:664,100,1,2
BRDA:664,100,2,0
BRDA:669,101,0,8
BRDA:669,101,1,3
BRDA:669,101,2,0
BRDA:669,101,3,5
BRDA:669,101,4,4
BRDA:669,101,5,2
BRDA:669,101,6,2
BRDA:672,102,0,1
BRDA:672,102,1,7
BRDA:681,103,0,3
BRDA:681,103,1,4
BRDA:681,104,0,7
BRDA:681,104,1,3
BRDA:715,105,0,1
BRDA:715,105,1,22
BRDA:717,106,0,14
BRDA:717,106,1,9
BRDA:719,107,0,3
BRDA:719,107,1,20
BRDA:721,108,0,2
BRDA:721,108,1,21
BRDA:723,109,0,1
BRDA:723,109,1,22
BRDA:725,110,0,1
BRDA:725,110,1,22
BRDA:730,111,0,1
BRDA:730,111,1,21
BRDA:733,112,0,1
BRDA:733,112,1,20
BRDA:736,113,0,1
BRDA:736,113,1,19
BRDA:739,114,0,1
BRDA:739,114,1,18
BRDA:739,115,0,19
BRDA:739,115,1,2
BRDA:742,116,0,1
BRDA:742,116,1,17
BRDA:745,117,0,1
BRDA:745,117,1,16
BRDA:761,118,0,1
BRDA:761,118,1,14
BRDA:765,119,0,1
BRDA:765,119,1,13
BRDA:765,120,0,14
BRDA:765,120,1,13
BRDA:775,121,0,11
BRDA:775,121,1,2
BRDA:776,122,0,1
BRDA:776,122,1,10
BRDA:780,123,0,1
BRDA:780,123,1,9
BRDA:786,124,0,1
BRDA:786,124,1,8
BRDA:789,125,0,1
BRDA:789,125,1,1
BRDA:789,126,0,2
BRDA:789,126,1,2
BRDA:817,127,0,1
BRDA:817,127,1,8
BRDA:826,128,0,9
BRDA:826,128,1,1
BRDA:827,129,0,9
BRDA:827,129,1,0
BRDA:828,130,0,6
BRDA:828,130,1,3
BRDA:828,131,0,9
BRDA:828,131,1,7
BRDA:844,132,0,9
BRDA:844,132,1,1
BRDA:877,133,0,6
BRDA:877,133,1,3
BRDA:888,134,0,1
BRDA:888,134,1,8
BRDA:896,135,0,1
BRDA:896,135,1,6
BRDA:900,136,0,1
BRDA:900,136,1,5
BRDA:900,137,0,6
BRDA:900,137,1,3
BRDA:909,138,0,1
BRDA:909,138,1,4
BRDA:917,139,0,4
BRDA:917,139,1,1
BRDA:918,140,0,4
BRDA:918,140,1,0
BRDA:919,141,0,2
BRDA:919,141,1,2
BRDA:919,142,0,4
BRDA:919,142,1,4
BRDA:925,143,0,4
BRDA:925,143,1,1
BRDA:945,144,0,1
BRDA:945,144,1,6
BRDA:952,145,0,5
BRDA:952,145,1,1
BRDA:953,146,0,5
BRDA:953,146,1,1
BRDA:954,147,0,5
BRDA:954,147,1,1
BRDA:955,148,0,5
BRDA:955,148,1,1
BRDA:957,149,0,6
BRDA:957,149,1,0
BRDA:958,150,0,1
BRDA:958,150,1,5
BRDA:966,151,0,1
BRDA:966,151,1,6
BRDA:973,152,0,4
BRDA:973,152,1,2
BRDA:974,153,0,4
BRDA:974,153,1,2
BRDA:975,154,0,4
BRDA:975,154,1,2
BRDA:976,155,0,3
BRDA:976,155,1,3
BRDA:977,156,0,3
BRDA:977,156,1,3
BRDA:979,157,0,4
BRDA:979,157,1,2
BRDA:980,158,0,1
BRDA:980,158,1,3
BRDA:985,159,0,3
BRDA:985,159,1,3
BRDA:986,160,0,1
BRDA:986,160,1,2
BRDA:995,161,0,1
BRDA:995,161,1,6
BRDA:1000,162,0,1
BRDA:1000,162,1,4
BRDA:1039,163,0,4
BRDA:1039,163,1,1
BRDA:1040,164,0,4
BRDA:1040,164,1,1
BRDA:1053,165,0,3
BRDA:1053,165,1,8
BRDA:1055,166,0,1
BRDA:1055,166,1,10
BRDA:1058,167,0,2
BRDA:1058,167,1,8
BRDA:1058,168,0,10
BRDA:1058,168,1,10
BRDA:1058,168,2,9
BRDA:1061,169,0,1
BRDA:1061,169,1,7
BRDA:1068,170,0,1
BRDA:1068,170,1,5
BRDA:1076,171,0,5
BRDA:1076,171,1,3
BRDA:1077,172,0,2
BRDA:1077,172,1,3
BRDA:1120,173,0,3
BRDA:1120,173,1,2
BRDA:1121,174,0,3
BRDA:1121,174,1,2
BRDA:1122,175,0,3
BRDA:1122,175,1,2
BRDA:1128,176,0,3
BRDA:1128,176,1,2
BRDA:1129,177,0,3
BRDA:1129,177,1,2
BRDA:1141,178,0,1
BRDA:1141,178,1,6
BRDA:1147,179,0,1
BRDA:1147,179,1,4
BRDA:1182,180,0,1
BRDA:1182,180,1,10
BRDA:1186,181,0,9
BRDA:1186,181,1,1
BRDA:1187,182,0,2
BRDA:1187,182,1,8
BRDA:1190,183,0,1
BRDA:1190,183,1,7
BRDA:1201,184,0,1
BRDA:1201,184,1,5
BRDA:1205,185,0,1
BRDA:1205,185,1,4
BRDA:1227,186,0,4
BRDA:1227,186,1,1
BRDA:1228,187,0,3
BRDA:1228,187,1,1
BRDA:1230,188,0,2
BRDA:1230,188,1,2
BRDA:1248,189,0,4
BRDA:1248,189,1,1
BRF:390
BRH:382
end_of_record
TN:
SF:src\routes\uploads.js
FN:12,extFromMimetype
FN:32,(anonymous_1)
FN:33,(anonymous_2)
FN:42,fileFilter
FN:56,publicBase
FN:66,(anonymous_5)
FN:67,(anonymous_6)
FNF:7
FNH:7
FNDA:8,extFromMimetype
FNDA:6,(anonymous_1)
FNDA:14,(anonymous_2)
FNDA:7,fileFilter
FNDA:8,publicBase
FNDA:12,(anonymous_5)
FNDA:12,(anonymous_6)
DA:1,23
DA:2,23
DA:3,23
DA:4,23
DA:5,23
DA:7,23
DA:9,23
DA:10,23
DA:13,8
DA:14,2
DA:16,6
DA:17,2
DA:19,4
DA:20,1
DA:22,3
DA:23,1
DA:25,2
DA:26,1
DA:28,1
DA:31,23
DA:32,6
DA:34,14
DA:36,14
DA:37,14
DA:38,14
DA:43,7
DA:44,7
DA:45,1
DA:47,6
DA:50,23
DA:57,8
DA:58,8
DA:59,4
DA:61,4
DA:62,4
DA:63,4
DA:66,23
DA:67,12
DA:68,12
DA:69,2
DA:70,1
DA:72,1
DA:74,10
DA:75,1
DA:77,9
DA:78,1
DA:80,8
DA:81,8
DA:85,23
LF:49
LH:49
BRDA:13,0,0,2
BRDA:13,0,1,6
BRDA:13,1,0,8
BRDA:13,1,1,6
BRDA:16,2,0,2
BRDA:16,2,1,4
BRDA:19,3,0,1
BRDA:19,3,1,3
BRDA:22,4,0,1
BRDA:22,4,1,2
BRDA:25,5,0,1
BRDA:25,5,1,1
BRDA:34,6,0,14
BRDA:34,6,1,1
BRDA:36,7,0,14
BRDA:36,7,1,8
BRDA:37,8,0,14
BRDA:37,8,1,8
BRDA:44,9,0,1
BRDA:44,9,1,6
BRDA:58,10,0,4
BRDA:58,10,1,4
BRDA:61,11,0,4
BRDA:61,11,1,1
BRDA:61,12,0,1
BRDA:61,12,1,1
BRDA:62,13,0,4
BRDA:62,13,1,0
BRDA:62,14,0,4
BRDA:62,14,1,1
BRDA:68,15,0,2
BRDA:68,15,1,10
BRDA:69,16,0,1
BRDA:69,16,1,1
BRDA:74,17,0,1
BRDA:74,17,1,9
BRDA:77,18,0,1
BRDA:77,18,1,8
BRF:38
BRH:37
end_of_record
TN:
SF:src\services\notifications.js
FN:22,statusLabel
FN:26,deliveryStatusLabel
FN:33,createNotification
FN:53,notifyPurchaseAudience
FN:95,notifyStatusChange
FN:108,notifyParticipantDeliveryStatusChange
FN:126,notifyGroupDiscountReached
FNF:7
FNH:7
FNDA:50,statusLabel
FNDA:22,deliveryStatusLabel
FNDA:55,createNotification
FNDA:36,notifyPurchaseAudience
FNDA:24,notifyStatusChange
FNDA:10,notifyParticipantDeliveryStatusChange
FNDA:8,notifyGroupDiscountReached
DA:6,23
DA:13,23
DA:23,50
DA:27,22
DA:34,55
DA:35,55
DA:36,55
DA:37,4
DA:39,51
DA:54,36
DA:55,36
DA:58,36
DA:59,36
DA:60,22
DA:62,14
DA:63,14
DA:67,14
DA:68,9
DA:70,14
DA:71,3
DA:74,14
DA:75,14
DA:76,14
DA:77,12
DA:78,13
DA:86,8
DA:88,6
DA:89,5
DA:91,14
DA:96,24
DA:97,24
DA:98,24
DA:99,24
DA:100,24
DA:115,10
DA:116,10
DA:117,10
DA:127,8
DA:128,8
DA:129,8
DA:137,23
LF:41
LH:41
BRDA:23,0,0,50
BRDA:23,0,1,2
BRDA:27,1,0,22
BRDA:27,1,1,1
BRDA:33,2,0,6
BRDA:33,3,0,5
BRDA:34,4,0,55
BRDA:34,4,1,1
BRDA:35,5,0,55
BRDA:35,5,1,4
BRDA:36,6,0,4
BRDA:36,6,1,51
BRDA:36,7,0,55
BRDA:36,7,1,53
BRDA:44,8,0,51
BRDA:44,8,1,1
BRDA:54,9,0,4
BRDA:54,10,0,3
BRDA:59,11,0,22
BRDA:59,11,1,14
BRDA:95,12,0,3
BRDA:97,13,0,24
BRDA:97,13,1,10
BRDA:116,14,0,10
BRDA:116,14,1,4
BRDA:126,15,0,2
BRDA:128,16,0,8
BRDA:128,16,1,6
BRF:28
BRH:28
end_of_record
